<?xml version="1.0" encoding="UTF-8"?>
<!-- Generated by org.testng.reporters.JUnitXMLReporter -->
<testsuite ignored="0" hostname="DESKTOP-JOQGUVP" failures="0" tests="3" name="Default test" time="0.534" errors="0" timestamp="18 Sep 2021 14:15:40 GMT">
  <testcase classname="com.crm.qa.testcases.DataProviderExample" name="validateCreateNewContact" time="0.008"/>
  <testcase classname="com.crm.qa.testcases.DataProviderExample" name="validateCreateNewContact" time="0.001"/>
  <testcase classname="com.crm.qa.testcases.DataProviderExample" name="validateCreateNewContact" time="0.001"/>
</testsuite> <!-- Default test -->
