<?xml version="1.0" encoding="UTF-8"?>
<!-- Generated by org.testng.reporters.JUnitXMLReporter -->
<testsuite ignored="0" hostname="DESKTOP-JOQGUVP" failures="0" tests="4" name="Default test" time="0.59" errors="0" timestamp="16 Sep 2021 09:05:28 GMT">
  <testcase classname="com.crm.qa.testcases.DataProviderExample" name="readDataParameterization" time="0.013"/>
  <testcase classname="com.crm.qa.testcases.DataProviderExample" name="validateCreateNewContact" time="0.002"/>
  <testcase classname="com.crm.qa.testcases.DataProviderExample" name="validateCreateNewContact" time="0.0"/>
  <testcase classname="com.crm.qa.testcases.DataProviderExample" name="validateCreateNewContact" time="0.002"/>
</testsuite> <!-- Default test -->
